<?xml version="1.0" encoding="UTF-8"?>
<!-- Generated by org.testng.reporters.JUnitReportReporter -->
<testsuite hostname="APH10154" failures="0" tests="2" name="com.petProjectAutomationTest.TestNg.LoginTest" time="13.746" errors="0" timestamp="02 Nov 2022 14:07:38 GMT" skipped="0">
  <testcase classname="com.petProjectAutomationTest.TestNg.LoginTest" name="LoginCheck" time="7.713"/>
  <testcase classname="com.petProjectAutomationTest.TestNg.LoginTest" name="AddToCart" time="6.033"/>
</testsuite> <!-- com.petProjectAutomationTest.TestNg.LoginTest -->
