<?xml version="1.0" encoding="UTF-8"?>
<!-- Generated by org.testng.reporters.JUnitReportReporter -->
<testsuite hostname="APH10154" failures="0" tests="2" name="com.petProjectAutomationTest.TestNg.LoginTest" time="12.018" errors="0" timestamp="07 Nov 2022 04:49:33 GMT" skipped="0">
  <testcase classname="com.petProjectAutomationTest.TestNg.LoginTest" name="LoginCheck" time="6.896"/>
  <testcase classname="com.petProjectAutomationTest.TestNg.LoginTest" name="AddToCart" time="5.122"/>
</testsuite> <!-- com.petProjectAutomationTest.TestNg.LoginTest -->
